cl : 명령줄 warning D9035: 'Gm' 옵션은 더 이상 사용되지 않으므로 이후 릴리스에서 제거될 예정입니다.
  Timer.cpp
  putbar.cpp
c:\users\administrator\desktop\김지훈 - 플라잉 플레인\1.src\putbar.cpp(11): warning C4244: '=': 'double'에서 'float'(으)로 변환하면서 데이터가 손실될 수 있습니다.
c:\users\administrator\desktop\김지훈 - 플라잉 플레인\1.src\putbar.cpp(16): warning C4244: '=': 'double'에서 'float'(으)로 변환하면서 데이터가 손실될 수 있습니다.
c:\users\administrator\desktop\김지훈 - 플라잉 플레인\1.src\putbar.cpp(21): warning C4244: '=': 'double'에서 'float'(으)로 변환하면서 데이터가 손실될 수 있습니다.
c:\users\administrator\desktop\김지훈 - 플라잉 플레인\1.src\putbar.cpp(29): warning C4244: '인수': 'float'에서 'int'(으)로 변환하면서 데이터가 손실될 수 있습니다.
c:\users\administrator\desktop\김지훈 - 플라잉 플레인\1.src\putbar.cpp(27): warning C4244: '인수': 'float'에서 'int'(으)로 변환하면서 데이터가 손실될 수 있습니다.
c:\users\administrator\desktop\김지훈 - 플라잉 플레인\1.src\putbar.cpp(54): warning C4244: '인수': 'float'에서 'int'(으)로 변환하면서 데이터가 손실될 수 있습니다.
c:\users\administrator\desktop\김지훈 - 플라잉 플레인\1.src\putbar.cpp(52): warning C4244: '인수': 'float'에서 'int'(으)로 변환하면서 데이터가 손실될 수 있습니다.
c:\users\administrator\desktop\김지훈 - 플라잉 플레인\1.src\putbar.cpp(68): warning C4244: '인수': 'float'에서 'int'(으)로 변환하면서 데이터가 손실될 수 있습니다.
c:\users\administrator\desktop\김지훈 - 플라잉 플레인\1.src\putbar.cpp(66): warning C4244: '인수': 'float'에서 'int'(으)로 변환하면서 데이터가 손실될 수 있습니다.
  Player.cpp
  Phazetwo.cpp
c:\users\administrator\desktop\김지훈 - 플라잉 플레인\1.src\phazetwo.cpp(12): warning C4244: '+=': 'double'에서 'float'(으)로 변환하면서 데이터가 손실될 수 있습니다.
c:\users\administrator\desktop\김지훈 - 플라잉 플레인\1.src\phazetwo.cpp(17): warning C4244: '-=': 'double'에서 'float'(으)로 변환하면서 데이터가 손실될 수 있습니다.
c:\users\administrator\desktop\김지훈 - 플라잉 플레인\1.src\phazetwo.cpp(20): warning C4244: '인수': 'float'에서 'int'(으)로 변환하면서 데이터가 손실될 수 있습니다.
c:\users\administrator\desktop\김지훈 - 플라잉 플레인\1.src\phazetwo.cpp(5): warning C4101: 'KBrt' :참조되지 않은 지역 변수입니다.
c:\users\administrator\desktop\김지훈 - 플라잉 플레인\1.src\phazetwo.cpp(5): warning C4101: 'rcTEMP' :참조되지 않은 지역 변수입니다.
c:\users\administrator\desktop\김지훈 - 플라잉 플레인\1.src\phazetwo.cpp(33): warning C4244: '+=': 'double'에서 'float'(으)로 변환하면서 데이터가 손실될 수 있습니다.
c:\users\administrator\desktop\김지훈 - 플라잉 플레인\1.src\phazetwo.cpp(38): warning C4244: '-=': 'double'에서 'float'(으)로 변환하면서 데이터가 손실될 수 있습니다.
c:\users\administrator\desktop\김지훈 - 플라잉 플레인\1.src\phazetwo.cpp(41): warning C4244: '인수': 'float'에서 'int'(으)로 변환하면서 데이터가 손실될 수 있습니다.
c:\users\administrator\desktop\김지훈 - 플라잉 플레인\1.src\phazetwo.cpp(26): warning C4101: 'KBrt' :참조되지 않은 지역 변수입니다.
c:\users\administrator\desktop\김지훈 - 플라잉 플레인\1.src\phazetwo.cpp(26): warning C4101: 'rcTEMP' :참조되지 않은 지역 변수입니다.
c:\users\administrator\desktop\김지훈 - 플라잉 플레인\1.src\phazetwo.cpp(54): warning C4244: '+=': 'double'에서 'float'(으)로 변환하면서 데이터가 손실될 수 있습니다.
c:\users\administrator\desktop\김지훈 - 플라잉 플레인\1.src\phazetwo.cpp(63): warning C4244: '-=': 'double'에서 'float'(으)로 변환하면서 데이터가 손실될 수 있습니다.
c:\users\administrator\desktop\김지훈 - 플라잉 플레인\1.src\phazetwo.cpp(66): warning C4244: '인수': 'float'에서 'int'(으)로 변환하면서 데이터가 손실될 수 있습니다.
c:\users\administrator\desktop\김지훈 - 플라잉 플레인\1.src\phazetwo.cpp(47): warning C4101: 'KBrt' :참조되지 않은 지역 변수입니다.
c:\users\administrator\desktop\김지훈 - 플라잉 플레인\1.src\phazetwo.cpp(47): warning C4101: 'rcTEMP' :참조되지 않은 지역 변수입니다.
  Phazethree.cpp
c:\users\administrator\desktop\김지훈 - 플라잉 플레인\1.src\phazethree.cpp(11): warning C4244: '-=': 'double'에서 'float'(으)로 변환하면서 데이터가 손실될 수 있습니다.
c:\users\administrator\desktop\김지훈 - 플라잉 플레인\1.src\phazethree.cpp(12): warning C4244: '+=': 'double'에서 'float'(으)로 변환하면서 데이터가 손실될 수 있습니다.
c:\users\administrator\desktop\김지훈 - 플라잉 플레인\1.src\phazethree.cpp(16): warning C4244: '-=': 'double'에서 'float'(으)로 변환하면서 데이터가 손실될 수 있습니다.
c:\users\administrator\desktop\김지훈 - 플라잉 플레인\1.src\phazethree.cpp(17): warning C4244: '-=': 'double'에서 'float'(으)로 변환하면서 데이터가 손실될 수 있습니다.
c:\users\administrator\desktop\김지훈 - 플라잉 플레인\1.src\phazethree.cpp(20): warning C4244: '인수': 'float'에서 'int'(으)로 변환하면서 데이터가 손실될 수 있습니다.
c:\users\administrator\desktop\김지훈 - 플라잉 플레인\1.src\phazethree.cpp(5): warning C4101: 'KBrt' :참조되지 않은 지역 변수입니다.
c:\users\administrator\desktop\김지훈 - 플라잉 플레인\1.src\phazethree.cpp(5): warning C4101: 'rcTEMP' :참조되지 않은 지역 변수입니다.
c:\users\administrator\desktop\김지훈 - 플라잉 플레인\1.src\phazethree.cpp(33): warning C4244: '+=': 'double'에서 'float'(으)로 변환하면서 데이터가 손실될 수 있습니다.
c:\users\administrator\desktop\김지훈 - 플라잉 플레인\1.src\phazethree.cpp(38): warning C4244: '-=': 'double'에서 'float'(으)로 변환하면서 데이터가 손실될 수 있습니다.
c:\users\administrator\desktop\김지훈 - 플라잉 플레인\1.src\phazethree.cpp(41): warning C4244: '인수': 'float'에서 'int'(으)로 변환하면서 데이터가 손실될 수 있습니다.
c:\users\administrator\desktop\김지훈 - 플라잉 플레인\1.src\phazethree.cpp(26): warning C4101: 'KBrt' :참조되지 않은 지역 변수입니다.
c:\users\administrator\desktop\김지훈 - 플라잉 플레인\1.src\phazethree.cpp(26): warning C4101: 'rcTEMP' :참조되지 않은 지역 변수입니다.
c:\users\administrator\desktop\김지훈 - 플라잉 플레인\1.src\phazethree.cpp(54): warning C4244: '+=': 'double'에서 'float'(으)로 변환하면서 데이터가 손실될 수 있습니다.
c:\users\administrator\desktop\김지훈 - 플라잉 플레인\1.src\phazethree.cpp(63): warning C4244: '-=': 'double'에서 'float'(으)로 변환하면서 데이터가 손실될 수 있습니다.
c:\users\administrator\desktop\김지훈 - 플라잉 플레인\1.src\phazethree.cpp(66): warning C4244: '인수': 'float'에서 'int'(으)로 변환하면서 데이터가 손실될 수 있습니다.
c:\users\administrator\desktop\김지훈 - 플라잉 플레인\1.src\phazethree.cpp(47): warning C4101: 'KBrt' :참조되지 않은 지역 변수입니다.
c:\users\administrator\desktop\김지훈 - 플라잉 플레인\1.src\phazethree.cpp(47): warning C4101: 'rcTEMP' :참조되지 않은 지역 변수입니다.
  PhazePat.cpp
c:\users\administrator\desktop\김지훈 - 플라잉 플레인\1.src\phazepat.cpp(292): warning C4996: 'sprintf': This function or variable may be unsafe. Consider using sprintf_s instead. To disable deprecation, use _CRT_SECURE_NO_WARNINGS. See online help for details.
  c:\program files (x86)\windows kits\10\include\10.0.17763.0\ucrt\stdio.h(1774): note: 'sprintf' 선언을 참조하십시오.
c:\users\administrator\desktop\김지훈 - 플라잉 플레인\1.src\phazepat.cpp(279): warning C4101: 'strBufff' :참조되지 않은 지역 변수입니다.
  Phazeone.cpp
c:\users\administrator\desktop\김지훈 - 플라잉 플레인\1.src\phazeone.cpp(18): warning C4244: '+=': 'double'에서 'float'(으)로 변환하면서 데이터가 손실될 수 있습니다.
c:\users\administrator\desktop\김지훈 - 플라잉 플레인\1.src\phazeone.cpp(20): warning C4244: '+=': 'double'에서 'float'(으)로 변환하면서 데이터가 손실될 수 있습니다.
c:\users\administrator\desktop\김지훈 - 플라잉 플레인\1.src\phazeone.cpp(30): warning C4244: '-=': 'double'에서 'float'(으)로 변환하면서 데이터가 손실될 수 있습니다.
c:\users\administrator\desktop\김지훈 - 플라잉 플레인\1.src\phazeone.cpp(32): warning C4244: '-=': 'double'에서 'float'(으)로 변환하면서 데이터가 손실될 수 있습니다.
c:\users\administrator\desktop\김지훈 - 플라잉 플레인\1.src\phazeone.cpp(35): warning C4244: '인수': 'float'에서 'int'(으)로 변환하면서 데이터가 손실될 수 있습니다.
c:\users\administrator\desktop\김지훈 - 플라잉 플레인\1.src\phazeone.cpp(5): warning C4101: 'KBrt' :참조되지 않은 지역 변수입니다.
c:\users\administrator\desktop\김지훈 - 플라잉 플레인\1.src\phazeone.cpp(5): warning C4101: 'rcTEMP' :참조되지 않은 지역 변수입니다.
c:\users\administrator\desktop\김지훈 - 플라잉 플레인\1.src\phazeone.cpp(56): warning C4244: '+=': 'double'에서 'float'(으)로 변환하면서 데이터가 손실될 수 있습니다.
c:\users\administrator\desktop\김지훈 - 플라잉 플레인\1.src\phazeone.cpp(65): warning C4244: '-=': 'double'에서 'float'(으)로 변환하면서 데이터가 손실될 수 있습니다.
c:\users\administrator\desktop\김지훈 - 플라잉 플레인\1.src\phazeone.cpp(68): warning C4244: '인수': 'float'에서 'int'(으)로 변환하면서 데이터가 손실될 수 있습니다.
c:\users\administrator\desktop\김지훈 - 플라잉 플레인\1.src\phazeone.cpp(41): warning C4101: 'KBrt' :참조되지 않은 지역 변수입니다.
c:\users\administrator\desktop\김지훈 - 플라잉 플레인\1.src\phazeone.cpp(41): warning C4101: 'rcTEMP' :참조되지 않은 지역 변수입니다.
c:\users\administrator\desktop\김지훈 - 플라잉 플레인\1.src\phazeone.cpp(86): warning C4244: '+=': 'double'에서 'float'(으)로 변환하면서 데이터가 손실될 수 있습니다.
c:\users\administrator\desktop\김지훈 - 플라잉 플레인\1.src\phazeone.cpp(88): warning C4244: '+=': 'double'에서 'float'(으)로 변환하면서 데이터가 손실될 수 있습니다.
c:\users\administrator\desktop\김지훈 - 플라잉 플레인\1.src\phazeone.cpp(106): warning C4244: '-=': 'double'에서 'float'(으)로 변환하면서 데이터가 손실될 수 있습니다.
c:\users\administrator\desktop\김지훈 - 플라잉 플레인\1.src\phazeone.cpp(108): warning C4244: '-=': 'double'에서 'float'(으)로 변환하면서 데이터가 손실될 수 있습니다.
c:\users\administrator\desktop\김지훈 - 플라잉 플레인\1.src\phazeone.cpp(111): warning C4244: '인수': 'float'에서 'int'(으)로 변환하면서 데이터가 손실될 수 있습니다.
c:\users\administrator\desktop\김지훈 - 플라잉 플레인\1.src\phazeone.cpp(74): warning C4101: 'KBrt' :참조되지 않은 지역 변수입니다.
c:\users\administrator\desktop\김지훈 - 플라잉 플레인\1.src\phazeone.cpp(74): warning C4101: 'rcTEMP' :참조되지 않은 지역 변수입니다.
c:\users\administrator\desktop\김지훈 - 플라잉 플레인\1.src\phazeone.cpp(127): warning C4244: '인수': 'float'에서 'int'(으)로 변환하면서 데이터가 손실될 수 있습니다.
  GraphicEngine.cpp
c:\users\administrator\desktop\김지훈 - 플라잉 플레인\1.src\graphicengine.cpp(17): warning C4996: 'fopen': This function or variable may be unsafe. Consider using fopen_s instead. To disable deprecation, use _CRT_SECURE_NO_WARNINGS. See online help for details.
  c:\program files (x86)\windows kits\10\include\10.0.17763.0\ucrt\stdio.h(208): note: 'fopen' 선언을 참조하십시오.
c:\users\administrator\desktop\김지훈 - 플라잉 플레인\1.src\graphicengine.cpp(130): warning C4996: 'fopen': This function or variable may be unsafe. Consider using fopen_s instead. To disable deprecation, use _CRT_SECURE_NO_WARNINGS. See online help for details.
  c:\program files (x86)\windows kits\10\include\10.0.17763.0\ucrt\stdio.h(208): note: 'fopen' 선언을 참조하십시오.
  Main.cpp
c:\users\administrator\desktop\김지훈 - 플라잉 플레인\1.src\main.cpp(127): warning C4005: 'SOUND_FILE_NAME': 매크로 재정의
  c:\users\administrator\desktop\김지훈 - 플라잉 플레인\1.src\main.cpp(126): note: 'SOUND_FILE_NAME'의 이전 정의를 참조하십시오.
c:\users\administrator\desktop\김지훈 - 플라잉 플레인\1.src\main.cpp(128): warning C4005: 'SOUND_FILE_NAME': 매크로 재정의
  c:\users\administrator\desktop\김지훈 - 플라잉 플레인\1.src\main.cpp(127): note: 'SOUND_FILE_NAME'의 이전 정의를 참조하십시오.
c:\users\administrator\desktop\김지훈 - 플라잉 플레인\1.src\main.cpp(129): warning C4005: 'SOUND_FILE_NAME': 매크로 재정의
  c:\users\administrator\desktop\김지훈 - 플라잉 플레인\1.src\main.cpp(128): note: 'SOUND_FILE_NAME'의 이전 정의를 참조하십시오.
c:\users\administrator\desktop\김지훈 - 플라잉 플레인\1.src\main.cpp(284): warning C4244: '=': 'int'에서 'float'(으)로 변환하면서 데이터가 손실될 수 있습니다.
c:\users\administrator\desktop\김지훈 - 플라잉 플레인\1.src\main.cpp(285): warning C4244: '=': 'int'에서 'float'(으)로 변환하면서 데이터가 손실될 수 있습니다.
c:\users\administrator\desktop\김지훈 - 플라잉 플레인\1.src\main.cpp(318): warning C4244: '+=': 'float'에서 'int'(으)로 변환하면서 데이터가 손실될 수 있습니다.
c:\users\administrator\desktop\김지훈 - 플라잉 플레인\1.src\main.cpp(428): warning C4244: '=': 'int'에서 'float'(으)로 변환하면서 데이터가 손실될 수 있습니다.
c:\users\administrator\desktop\김지훈 - 플라잉 플레인\1.src\main.cpp(457): warning C4244: '+=': 'float'에서 'int'(으)로 변환하면서 데이터가 손실될 수 있습니다.
c:\users\administrator\desktop\김지훈 - 플라잉 플레인\1.src\main.cpp(593): warning C4244: '=': 'int'에서 'float'(으)로 변환하면서 데이터가 손실될 수 있습니다.
c:\users\administrator\desktop\김지훈 - 플라잉 플레인\1.src\main.cpp(622): warning C4244: '+=': 'float'에서 'int'(으)로 변환하면서 데이터가 손실될 수 있습니다.
c:\users\administrator\desktop\김지훈 - 플라잉 플레인\1.src\main.cpp(664): warning C4996: 'sprintf': This function or variable may be unsafe. Consider using sprintf_s instead. To disable deprecation, use _CRT_SECURE_NO_WARNINGS. See online help for details.
  c:\program files (x86)\windows kits\10\include\10.0.17763.0\ucrt\stdio.h(1774): note: 'sprintf' 선언을 참조하십시오.
  InterSect.cpp
  코드를 생성하고 있습니다...
InterSect.obj : warning LNK4075: '/EDITANDCONTINUE'이(가) '/SAFESEH' 사양으로 인해 무시됩니다.
  DoubleBuffering.vcxproj -> C:\Users\Administrator\Desktop\김지훈 - 플라잉 플레인\1.Src\Debug\FlyingPlaneAlpha.exe
